[{'0_0': < Group 0 (0): 
  Units    = 2667
  HP       = 9631
  Weakness = {'radiation': 1}
  Immunity = {'cold': 1}
  Damage   = 33 x radiation
  Init     = 3
>, '0_1': < Group 1 (0): 
  Units    = 6889
  HP       = 7044
  Weakness = {}
  Immunity = {'cold': 1, ' slashing': 1}
  Damage   = 8 x cold
  Init     = 11
>, '0_2': < Group 2 (0): 
  Units    = 8030
  HP       = 8956
  Weakness = {'bludgeoning': 1}
  Immunity = {}
  Damage   = 8 x fire
  Init     = 5
>, '0_3': < Group 3 (0): 
  Units    = 9278
  HP       = 9654
  Weakness = {'slashing': 1}
  Immunity = {'radiation': 1}
  Damage   = 10 x radiation
  Init     = 9
>, '0_4': < Group 4 (0): 
  Units    = 3472
  HP       = 9606
  Weakness = {}
  Immunity = {}
  Damage   = 26 x cold
  Init     = 14
>, '0_5': < Group 5 (0): 
  Units    = 2971
  HP       = 4601
  Weakness = {'cold': 1, ' radiation': 1}
  Immunity = {}
  Damage   = 14 x fire
  Init     = 16
>, '0_6': < Group 6 (0): 
  Units    = 2455
  HP       = 6330
  Weakness = {}
  Immunity = {'slashing': 1, ' radiation': 1}
  Damage   = 20 x bludgeoning
  Init     = 20
>, '0_7': < Group 7 (0): 
  Units    = 1896
  HP       = 9385
  Weakness = {'slashing': 1, ' cold': 1}
  Immunity = {}
  Damage   = 48 x slashing
  Init     = 19
>, '0_8': < Group 8 (0): 
  Units    = 303
  HP       = 10428
  Weakness = {}
  Immunity = {}
  Damage   = 328 x radiation
  Init     = 13
>, '0_9': < Group 9 (0): 
  Units    = 4380
  HP       = 7040
  Weakness = {'slashing': 1}
  Immunity = {}
  Damage   = 16 x slashing
  Init     = 8
>}, {'1_0': < Group 0 (1): 
  Units    = 3122
  HP       = 52631
  Weakness = {}
  Immunity = {'slashing': 1, ' cold': 1}
  Damage   = 29 x slashing
  Init     = 2
>, '1_1': < Group 1 (1): 
  Units    = 4257
  HP       = 52159
  Weakness = {}
  Immunity = {}
  Damage   = 22 x bludgeoning
  Init     = 17
>, '1_2': < Group 2 (1): 
  Units    = 721
  HP       = 25099
  Weakness = {'radiation': 1, ' cold': 1}
  Immunity = {}
  Damage   = 60 x slashing
  Init     = 15
>, '1_3': < Group 3 (1): 
  Units    = 1772
  HP       = 44946
  Weakness = {'cold': 1}
  Immunity = {}
  Damage   = 49 x slashing
  Init     = 7
>, '1_4': < Group 4 (1): 
  Units    = 886
  HP       = 22310
  Weakness = {'slashing': 1, ' radiation': 1}
  Immunity = {}
  Damage   = 36 x cold
  Init     = 12
>, '1_5': < Group 5 (1): 
  Units    = 2804
  HP       = 45281
  Weakness = {'bludgeoning': 1}
  Immunity = {'fire': 1}
  Damage   = 30 x slashing
  Init     = 10
>, '1_6': < Group 6 (1): 
  Units    = 8739
  HP       = 43560
  Weakness = {'bludgeoning': 1}
  Immunity = {'radiation': 1, ' slashing': 1}
  Damage   = 9 x cold
  Init     = 1
>, '1_7': < Group 7 (1): 
  Units    = 1734
  HP       = 30384
  Weakness = {'cold': 1, ' bludgeoning': 1}
  Immunity = {}
  Damage   = 34 x cold
  Init     = 4
>, '1_8': < Group 8 (1): 
  Units    = 5525
  HP       = 14091
  Weakness = {'cold': 1}
  Immunity = {}
  Damage   = 4 x bludgeoning
  Init     = 18
>, '1_9': < Group 9 (1): 
  Units    = 1975
  HP       = 15393
  Weakness = {}
  Immunity = {}
  Damage   = 15 x fire
  Init     = 6
>}]
